TN:
SF:script/FeeDistributor.s.sol
FN:19,FeeDistributorScript.run
FNDA:0,FeeDistributorScript.run
DA:20,0
DA:22,0
DA:29,0
DA:34,0
DA:38,0
DA:40,0
DA:41,0
DA:42,0
DA:44,0
FNF:1
FNH:0
LF:9
LH:0
BRF:0
BRH:0
end_of_record
TN:
SF:script/UpdateDynamicRewards.s.sol
FN:21,UpdateDynamicRewardsScript.run
FNDA:0,UpdateDynamicRewardsScript.run
DA:22,0
DA:24,0
DA:29,0
DA:34,0
DA:35,0
DA:37,0
FNF:1
FNH:0
LF:6
LH:0
BRF:0
BRH:0
end_of_record
TN:
SF:src/DynamicRewards.sol
FN:33,DynamicRewards.setRewardsStore
FNDA:259,DynamicRewards.setRewardsStore
DA:36,258
BRDA:36,0,0,1
BRDA:36,0,1,257
DA:39,257
BRDA:39,1,0,-
BRDA:39,1,1,257
DA:40,257
DA:42,257
DA:44,257
FN:54,DynamicRewards.getNextCycleRewards
FNDA:257,DynamicRewards.getNextCycleRewards
DA:55,257
FN:62,DynamicRewards.transferOwnership
FNDA:0,DynamicRewards.transferOwnership
FN:64,DynamicRewards.renounceOwnership
FNDA:0,DynamicRewards.renounceOwnership
FNF:4
FNH:2
LF:6
LH:6
BRF:4
BRH:3
end_of_record
TN:
SF:src/RewardsStore.sol
FN:22,RewardsStore.transferNextCycleRewards
FNDA:772,RewardsStore.transferNextCycleRewards
DA:23,772
BRDA:23,0,0,1
BRDA:23,0,1,771
DA:25,771
DA:27,771
FNF:1
FNH:1
LF:3
LH:3
BRF:2
BRH:2
end_of_record
TN:
SF:src/StakedBRR.sol
FN:24,StakedBRR.name
FNDA:1,StakedBRR.name
DA:25,1
FN:28,StakedBRR.symbol
FNDA:1,StakedBRR.symbol
DA:29,1
FN:37,StakedBRR._beforeTokenTransfer
FNDA:771,StakedBRR._beforeTokenTransfer
DA:43,771
BRDA:43,0,0,-
BRDA:43,0,1,257
DA:44,257
DA:45,771
BRDA:45,1,0,-
BRDA:45,1,1,514
FN:53,StakedBRR.stake
FNDA:515,StakedBRR.stake
DA:54,515
BRDA:54,2,0,1
BRDA:54,2,1,514
DA:56,514
DA:57,514
FN:65,StakedBRR.unstake
FNDA:258,StakedBRR.unstake
DA:66,258
BRDA:66,3,0,1
BRDA:66,3,1,257
DA:68,257
DA:69,257
FNF:5
FNH:5
LF:11
LH:11
BRF:8
BRH:6
end_of_record
TN:
SF:test/mocks/MockFlywheelCore.sol
FN:16,MockFlywheelCore.accrue
FNDA:771,MockFlywheelCore.accrue
DA:17,771
DA:19,771
FNF:1
FNH:1
LF:2
LH:2
BRF:0
BRH:0
end_of_record
