TN:
SF:script/FeeDistributor.s.sol
FN:7,FeeDistributorScript.setUp
FNDA:0,FeeDistributorScript.setUp
FN:9,FeeDistributorScript.run
FNDA:0,FeeDistributorScript.run
DA:10,0
FNF:2
FNH:0
LF:1
LH:0
BRF:0
BRH:0
end_of_record
TN:
SF:src/DynamicRewards.sol
FN:30,DynamicRewards.getNextCycleRewards
FNDA:257,DynamicRewards.getNextCycleRewards
DA:31,257
FNF:1
FNH:1
LF:1
LH:1
BRF:0
BRH:0
end_of_record
TN:
SF:src/RewardsStore.sol
FN:22,RewardsStore.transferNextCycleRewards
FNDA:515,RewardsStore.transferNextCycleRewards
DA:23,515
BRDA:23,0,0,1
BRDA:23,0,1,514
DA:25,514
DA:27,514
FNF:1
FNH:1
LF:3
LH:3
BRF:2
BRH:2
end_of_record
TN:
SF:src/StakedBRR.sol
FN:24,StakedBRR.name
FNDA:1,StakedBRR.name
DA:25,1
FN:28,StakedBRR.symbol
FNDA:1,StakedBRR.symbol
DA:29,1
FN:37,StakedBRR._beforeTokenTransfer
FNDA:771,StakedBRR._beforeTokenTransfer
DA:43,771
BRDA:43,0,0,-
BRDA:43,0,1,257
DA:44,257
DA:45,771
BRDA:45,1,0,-
BRDA:45,1,1,514
FN:53,StakedBRR.stake
FNDA:515,StakedBRR.stake
DA:54,515
BRDA:54,2,0,1
BRDA:54,2,1,514
DA:56,514
DA:57,514
FN:65,StakedBRR.unstake
FNDA:258,StakedBRR.unstake
DA:66,258
BRDA:66,3,0,1
BRDA:66,3,1,257
DA:68,257
DA:69,257
FNF:5
FNH:5
LF:11
LH:11
BRF:8
BRH:6
end_of_record
TN:
SF:test/mocks/MockFlywheelCore.sol
FN:16,MockFlywheelCore.accrue
FNDA:771,MockFlywheelCore.accrue
DA:17,771
DA:19,771
FNF:1
FNH:1
LF:2
LH:2
BRF:0
BRH:0
end_of_record
